<?xml version="1.0" encoding="UTF-8"?>
<!-- Generated by org.testng.reporters.JUnitXMLReporter -->
<testsuite ignored="0" hostname="OY1904015" failures="0" tests="11" name="SeleniumTestNg hybrid Framework tests" time="203.913" errors="0" timestamp="2023-05-24T23:19:23 EEST">
  <testcase classname="com.tutorialsninja.qa.testcases.Register" name="verifyRegistrationOfAccountWithMandatoryFields" time="1.69"/>
  <testcase classname="com.tutorialsninja.qa.testcases.Register" name="registerAccountByProvidingAllFields" time="1.609"/>
  <testcase classname="com.tutorialsninja.qa.testcases.Register" name="registerAccountWithAnExistingEmail" time="1.307"/>
  <testcase classname="com.tutorialsninja.qa.testcases.Register" name="verifyRegistrationWithoutFillingAnyDetails" time="0.751"/>
  <testcase classname="com.tutorialsninja.qa.testcases.Login" name="verifyingLoginWithValidCredentials" time="1.575"/>
  <testcase classname="com.tutorialsninja.qa.testcases.Login" name="loginWithWrongDetails" time="0.775"/>
  <testcase classname="com.tutorialsninja.qa.testcases.Login" name="verifyingLoginWithValidEmailAndInvalidPassword" time="0.78"/>
  <testcase classname="com.tutorialsninja.qa.testcases.Login" name="verifyingLoginWithoutProvidingCredentials" time="0.892"/>
  <testcase classname="com.tutorialsninja.qa.testcases.Search" name="verifySearchWithValidProduct" time="1.714"/>
  <testcase classname="com.tutorialsninja.qa.testcases.Search" name="verifySearchWithInvalidProduct" time="1.378"/>
  <testcase classname="com.tutorialsninja.qa.testcases.Search" name="verifySearchWithoutAnyProduct" time="1.753"/>
</testsuite> <!-- SeleniumTestNg hybrid Framework tests -->
