<?xml version="1.0" encoding="UTF-8"?>
<testng-results ignored="0" total="1" passed="1" failed="0" skipped="0">
  <reporter-output>
  </reporter-output>
  <suite started-at="2023-05-18T13:38:13 EEST" name="Default suite" finished-at="2023-05-18T13:38:32 EEST" duration-ms="19728">
    <groups>
    </groups>
    <test started-at="2023-05-18T13:38:13 EEST" name="Default test" finished-at="2023-05-18T13:38:32 EEST" duration-ms="19728">
      <class name="com.tutorialsninja.qa.testcases.Login">
        <test-method signature="verifyingLoginWithValidCredentials()[pri:0, instance:com.tutorialsninja.qa.testcases.Login@316bcf94]" started-at="2023-05-18T13:38:13 EEST" name="verifyingLoginWithValidCredentials" finished-at="2023-05-18T13:38:32 EEST" duration-ms="19686" status="PASS">
          <reporter-output>
          </reporter-output>
        </test-method> <!-- verifyingLoginWithValidCredentials -->
      </class> <!-- com.tutorialsninja.qa.testcases.Login -->
    </test> <!-- Default test -->
  </suite> <!-- Default suite -->
</testng-results>
